Build started 4/30/2013 1:19:08 AM.
     1>Project "C:\Users\Owner\Desktop\FinalProject\263Final\263Final.vcxproj" on node 2 (build target(s)).
     1>InitializeBuildStatus:
         Touching "Debug\263Final.unsuccessfulbuild".
       ClCompile:
         c:\Program Files (x86)\Microsoft Visual Studio 10.0\VC\bin\CL.exe /c /ZI /nologo /W3 /WX- /Od /Oy- /D _MBCS /Gm /EHsc /RTC1 /MDd /GS /fp:precise /Zc:wchar_t /Zc:forScope /Fo"Debug\\" /Fd"Debug\vc100.pdb" /Gd /TC /analyze- /errorReport:prompt pr2.c
         pr2.c
     1>c:\users\owner\desktop\finalproject\263final\pr2.c(185): warning C4996: 'localtime': This function or variable may be unsafe. Consider using localtime_s instead. To disable deprecation, use _CRT_SECURE_NO_WARNINGS. See online help for details.
                 c:\program files (x86)\microsoft visual studio 10.0\vc\include\time.inl(112) : see declaration of 'localtime'
     1>c:\users\owner\desktop\finalproject\263final\pr2.c(187): warning C4996: 'fopen': This function or variable may be unsafe. Consider using fopen_s instead. To disable deprecation, use _CRT_SECURE_NO_WARNINGS. See online help for details.
                 c:\program files (x86)\microsoft visual studio 10.0\vc\include\stdio.h(234) : see declaration of 'fopen'
     1>c:\users\owner\desktop\finalproject\263final\pr2.c(216): warning C4996: 'asctime': This function or variable may be unsafe. Consider using asctime_s instead. To disable deprecation, use _CRT_SECURE_NO_WARNINGS. See online help for details.
                 c:\program files (x86)\microsoft visual studio 10.0\vc\include\time.h(153) : see declaration of 'asctime'
       Link:
         c:\Program Files (x86)\Microsoft Visual Studio 10.0\VC\bin\link.exe /ERRORREPORT:PROMPT /OUT:"C:\Users\Owner\Desktop\FinalProject\Debug\263Final.exe" /NOLOGO projlib.lib kernel32.lib user32.lib gdi32.lib winspool.lib comdlg32.lib advapi32.lib shell32.lib ole32.lib oleaut32.lib uuid.lib odbc32.lib odbccp32.lib kernel32.lib user32.lib gdi32.lib winspool.lib comdlg32.lib advapi32.lib shell32.lib ole32.lib oleaut32.lib uuid.lib odbc32.lib odbccp32.lib /MANIFEST /ManifestFile:"Debug\263Final.exe.intermediate.manifest" /MANIFESTUAC:"level='asInvoker' uiAccess='false'" /DEBUG /PDB:"C:\Users\Owner\Desktop\FinalProject\Debug\263Final.pdb" /TLBID:1 /DYNAMICBASE /NXCOMPAT /IMPLIB:"C:\Users\Owner\Desktop\FinalProject\Debug\263Final.lib" /MACHINE:X86 Debug\pr1.obj
         Debug\pr2.obj
         projlib.lib(prjlib.obj) : MSIL .netmodule or module compiled with /GL found; restarting link with /LTCG; add /LTCG to the link command line to improve linker performance
     1>LINK : warning LNK4098: defaultlib 'MSVCRT' conflicts with use of other libs; use /NODEFAULTLIB:library
         Generating code
         Finished generating code
     1>projlib.lib(prjlib.obj) : warning LNK4099: PDB 'vc100.pdb' was not found with 'projlib.lib(prjlib.obj)' or at 'C:\Users\Owner\Desktop\FinalProject\Debug\vc100.pdb'; linking object as if no debug info
         263Final.vcxproj -> C:\Users\Owner\Desktop\FinalProject\Debug\263Final.exe
       Manifest:
         C:\Program Files (x86)\Microsoft SDKs\Windows\v7.0A\bin\mt.exe /nologo /verbose /outputresource:"C:\Users\Owner\Desktop\FinalProject\Debug\263Final.exe;#1" /manifest Debug\263Final.exe.intermediate.manifest
       FinalizeBuildStatus:
         Deleting file "Debug\263Final.unsuccessfulbuild".
         Touching "Debug\263Final.lastbuildstate".
     1>Done Building Project "C:\Users\Owner\Desktop\FinalProject\263Final\263Final.vcxproj" (build target(s)).

Build succeeded.

Time Elapsed 00:00:08.35
